This file contains any messages produced by compilers while
running configure, to aid debugging if configure makes a mistake.

It was created by configure, which was
generated by GNU Autoconf 2.63.  Invocation command line was

  $ ./configure --enable-debug

## --------- ##
## Platform. ##
## --------- ##

hostname = norige-desktop
uname -m = x86_64
uname -r = 3.0.0-12-generic
uname -s = Linux
uname -v = #20-Ubuntu SMP Fri Oct 7 14:56:25 UTC 2011

/usr/bin/uname -p = unknown
/bin/uname -X     = unknown

/bin/arch              = unknown
/usr/bin/arch -k       = unknown
/usr/convex/getsysinfo = unknown
/usr/bin/hostinfo      = unknown
/bin/machine           = unknown
/usr/bin/oslevel       = unknown
/bin/universe          = unknown

PATH: /home/thelema/bin
PATH: /usr/lib/lightdm/lightdm
PATH: /usr/local/sbin
PATH: /usr/local/bin
PATH: /usr/sbin
PATH: /usr/bin
PATH: /sbin
PATH: /bin
PATH: /usr/games
PATH: /home/thelema/.odb/bin
PATH: /home/thelema/bin/go/bin


## ----------- ##
## Core tests. ##
## ----------- ##

configure:1890: checking for ocamlc
configure:1906: found /usr/local/bin/ocamlc
configure:1918: result: ocamlc
configure:1960: checking for ocamlopt
configure:1976: found /usr/local/bin/ocamlopt
configure:1988: result: ocamlopt
configure:2001: checking ocamlopt version
configure:2009: result: ok
configure:2018: checking for ocamlc.opt
configure:2034: found /usr/local/bin/ocamlc.opt
configure:2046: result: ocamlc.opt
configure:2055: checking ocamlc.opt version
configure:2062: result: ok
configure:2072: checking for ocamlopt.opt
configure:2088: found /usr/local/bin/ocamlopt.opt
configure:2100: result: ocamlopt.opt
configure:2109: checking ocamlc.opt version
configure:2116: result: ok
configure:2126: checking for ocamlrun
configure:2142: found /usr/local/bin/ocamlrun
configure:2154: result: ocamlrun
configure:2170: checking for ocamldep
configure:2186: found /usr/local/bin/ocamldep
configure:2198: result: ocamldep
configure:2214: checking for ocamldoc
configure:2230: found /usr/local/bin/ocamldoc
configure:2242: result: ocamldoc
configure:2257: checking for ocamllex
configure:2273: found /usr/local/bin/ocamllex
configure:2285: result: ocamllex
configure:2306: checking for ocamlyacc
configure:2322: found /usr/local/bin/ocamlyacc
configure:2334: result: ocamlyacc
configure:2350: checking for ocamlmktop
configure:2366: found /usr/local/bin/ocamlmktop
configure:2378: result: ocamlmktop
configure:2394: checking for ocamlmklib
configure:2410: found /usr/local/bin/ocamlmklib
configure:2422: result: ocamlmklib
configure:2438: checking for camlp4o
configure:2454: found /usr/local/bin/camlp4o
configure:2466: result: camlp4o
configure:2491: checking for ocaml threads
configure:2514: result: use system threads
configure:2519: checking for ocaml dll support
configure:2525: result: yes
configure:2571: checking for ranlib
configure:2587: found /usr/bin/ranlib
configure:2598: result: ranlib
configure:2674: checking for gcc
configure:2701: result: gcc
configure:2933: checking for C compiler version
configure:2941: gcc --version >&5
gcc (Ubuntu/Linaro 4.6.1-9ubuntu3) 4.6.1
Copyright (C) 2011 Free Software Foundation, Inc.
This is free software; see the source for copying conditions.  There is NO
warranty; not even for MERCHANTABILITY or FITNESS FOR A PARTICULAR PURPOSE.

configure:2945: $? = 0
configure:2952: gcc -v >&5
Using built-in specs.
COLLECT_GCC=gcc
COLLECT_LTO_WRAPPER=/usr/lib/gcc/x86_64-linux-gnu/4.6.1/lto-wrapper
Target: x86_64-linux-gnu
Configured with: ../src/configure -v --with-pkgversion='Ubuntu/Linaro 4.6.1-9ubuntu3' --with-bugurl=file:///usr/share/doc/gcc-4.6/README.Bugs --enable-languages=c,c++,fortran,objc,obj-c++,go --prefix=/usr --program-suffix=-4.6 --enable-shared --enable-linker-build-id --with-system-zlib --libexecdir=/usr/lib --without-included-gettext --enable-threads=posix --with-gxx-include-dir=/usr/include/c++/4.6 --libdir=/usr/lib --enable-nls --with-sysroot=/ --enable-clocale=gnu --enable-libstdcxx-debug --enable-libstdcxx-time=yes --enable-plugin --enable-objc-gc --disable-werror --with-arch-32=i686 --with-tune=generic --enable-checking=release --build=x86_64-linux-gnu --host=x86_64-linux-gnu --target=x86_64-linux-gnu
Thread model: posix
gcc version 4.6.1 (Ubuntu/Linaro 4.6.1-9ubuntu3) 
configure:2956: $? = 0
configure:2963: gcc -V >&5
gcc: error: unrecognized option '-V'
gcc: fatal error: no input files
compilation terminated.
configure:2967: $? = 4
configure:2990: checking for C compiler default output file name
configure:3012: gcc    conftest.c  >&5
configure:3016: $? = 0
configure:3054: result: a.out
configure:3073: checking whether the C compiler works
configure:3083: ./a.out
configure:3087: $? = 0
configure:3106: result: yes
configure:3113: checking whether we are cross compiling
configure:3115: result: no
configure:3118: checking for suffix of executables
configure:3125: gcc -o conftest    conftest.c  >&5
configure:3129: $? = 0
configure:3155: result: 
configure:3161: checking for suffix of object files
configure:3187: gcc -c   conftest.c >&5
configure:3191: $? = 0
configure:3216: result: o
configure:3220: checking whether we are using the GNU C compiler
configure:3249: gcc -c   conftest.c >&5
configure:3256: $? = 0
configure:3273: result: yes
configure:3282: checking whether gcc accepts -g
configure:3312: gcc -c -g  conftest.c >&5
configure:3319: $? = 0
configure:3420: result: yes
configure:3437: checking for gcc option to accept ISO C89
configure:3511: gcc  -c -g -O2  conftest.c >&5
configure:3518: $? = 0
configure:3541: result: none needed
configure:3561: checking platform
configure:3565: result: Unix
configure:3578: checking native dynlink
configure:3613: checking for pkg-config
configure:3631: found /usr/bin/pkg-config
configure:3644: result: /usr/bin/pkg-config
configure:3666: checking for GTK+ - version >= 2.0.0
configure:3786: gcc -o conftest -g -O2 -pthread -I/usr/include/gtk-2.0 -I/usr/lib/x86_64-linux-gnu/gtk-2.0/include -I/usr/include/atk-1.0 -I/usr/include/cairo -I/usr/include/gdk-pixbuf-2.0 -I/usr/include/pango-1.0 -I/usr/include/gio-unix-2.0/ -I/usr/include/glib-2.0 -I/usr/lib/x86_64-linux-gnu/glib-2.0/include -I/usr/include/pixman-1 -I/usr/include/freetype2 -I/usr/include/libpng12     conftest.c -pthread -lgtk-x11-2.0 -lgdk-x11-2.0 -latk-1.0 -lgio-2.0 -lpangoft2-1.0 -lpangocairo-1.0 -lgdk_pixbuf-2.0 -lcairo -lpango-1.0 -lfreetype -lfontconfig -lgobject-2.0 -lgmodule-2.0 -lgthread-2.0 -lrt -lglib-2.0    >&5
conftest.c: In function 'main':
conftest.c:19:10: warning: ignoring return value of 'system', declared with attribute warn_unused_result [-Wunused-result]
configure:3790: $? = 0
configure:3796: ./conftest
configure:3800: $? = 0
configure:3821: result: yes (version 2.24.6)
configure:4020: checking pkg-config is at least version 0.9.0
configure:4023: result: yes
configure:4044: checking for GTKGL
configure:4052: $PKG_CONFIG --exists --print-errors "gtkgl-2.0"
Package gtkgl-2.0 was not found in the pkg-config search path.
Perhaps you should add the directory containing `gtkgl-2.0.pc'
to the PKG_CONFIG_PATH environment variable
No package 'gtkgl-2.0' found
configure:4055: $? = 1
configure:4070: $PKG_CONFIG --exists --print-errors "gtkgl-2.0"
Package gtkgl-2.0 was not found in the pkg-config search path.
Perhaps you should add the directory containing `gtkgl-2.0.pc'
to the PKG_CONFIG_PATH environment variable
No package 'gtkgl-2.0' found
configure:4073: $? = 1
No package 'gtkgl-2.0' found
configure:4101: result: no
configure:4172: checking for GLADE
configure:4180: $PKG_CONFIG --exists --print-errors "libglade-2.0"
Package libglade-2.0 was not found in the pkg-config search path.
Perhaps you should add the directory containing `libglade-2.0.pc'
to the PKG_CONFIG_PATH environment variable
No package 'libglade-2.0' found
configure:4183: $? = 1
configure:4198: $PKG_CONFIG --exists --print-errors "libglade-2.0"
Package libglade-2.0 was not found in the pkg-config search path.
Perhaps you should add the directory containing `libglade-2.0.pc'
to the PKG_CONFIG_PATH environment variable
No package 'libglade-2.0' found
configure:4201: $? = 1
No package 'libglade-2.0' found
configure:4229: result: no
configure:4276: checking for RSVG
configure:4284: $PKG_CONFIG --exists --print-errors "librsvg-2.0"
configure:4287: $? = 0
configure:4302: $PKG_CONFIG --exists --print-errors "librsvg-2.0"
configure:4305: $? = 0
configure:4355: result: yes
configure:4371: checking for rsvg_handle_new_gz
configure:4427: gcc -o conftest -g -O2   conftest.c  -pthread -lrsvg-2 -lm -lgio-2.0 -lgdk_pixbuf-2.0 -lcairo -lgmodule-2.0 -lgobject-2.0 -lgthread-2.0 -lrt -lglib-2.0   >&5
configure:4434: $? = 0
configure:4454: result: yes
configure:4481: checking for GNOMECANVAS
configure:4489: $PKG_CONFIG --exists --print-errors "libgnomecanvas-2.0"
configure:4492: $? = 0
configure:4507: $PKG_CONFIG --exists --print-errors "libgnomecanvas-2.0"
configure:4510: $? = 0
configure:4560: result: yes
configure:4585: checking for GNOMEUI
configure:4593: $PKG_CONFIG --exists --print-errors "libgnomeui-2.0"
Package libgnomeui-2.0 was not found in the pkg-config search path.
Perhaps you should add the directory containing `libgnomeui-2.0.pc'
to the PKG_CONFIG_PATH environment variable
No package 'libgnomeui-2.0' found
configure:4596: $? = 1
configure:4611: $PKG_CONFIG --exists --print-errors "libgnomeui-2.0"
Package libgnomeui-2.0 was not found in the pkg-config search path.
Perhaps you should add the directory containing `libgnomeui-2.0.pc'
to the PKG_CONFIG_PATH environment variable
No package 'libgnomeui-2.0' found
configure:4614: $? = 1
No package 'libgnomeui-2.0' found
configure:4642: result: no
configure:4689: checking for PANEL
configure:4697: $PKG_CONFIG --exists --print-errors "libpanelapplet-2.0"
Package libpanelapplet-2.0 was not found in the pkg-config search path.
Perhaps you should add the directory containing `libpanelapplet-2.0.pc'
to the PKG_CONFIG_PATH environment variable
No package 'libpanelapplet-2.0' found
configure:4700: $? = 1
configure:4715: $PKG_CONFIG --exists --print-errors "libpanelapplet-2.0"
Package libpanelapplet-2.0 was not found in the pkg-config search path.
Perhaps you should add the directory containing `libpanelapplet-2.0.pc'
to the PKG_CONFIG_PATH environment variable
No package 'libpanelapplet-2.0' found
configure:4718: $? = 1
No package 'libpanelapplet-2.0' found
configure:4746: result: no
configure:4793: checking for GTKSPELL
configure:4801: $PKG_CONFIG --exists --print-errors "gtkspell-2.0"
Package gtkspell-2.0 was not found in the pkg-config search path.
Perhaps you should add the directory containing `gtkspell-2.0.pc'
to the PKG_CONFIG_PATH environment variable
No package 'gtkspell-2.0' found
configure:4804: $? = 1
configure:4819: $PKG_CONFIG --exists --print-errors "gtkspell-2.0"
Package gtkspell-2.0 was not found in the pkg-config search path.
Perhaps you should add the directory containing `gtkspell-2.0.pc'
to the PKG_CONFIG_PATH environment variable
No package 'gtkspell-2.0' found
configure:4822: $? = 1
No package 'gtkspell-2.0' found
configure:4850: result: no
configure:4897: checking for GTKSOURCEVIEW
configure:4905: $PKG_CONFIG --exists --print-errors "gtksourceview-1.0"
Package gtksourceview-1.0 was not found in the pkg-config search path.
Perhaps you should add the directory containing `gtksourceview-1.0.pc'
to the PKG_CONFIG_PATH environment variable
No package 'gtksourceview-1.0' found
configure:4908: $? = 1
configure:4923: $PKG_CONFIG --exists --print-errors "gtksourceview-1.0"
Package gtksourceview-1.0 was not found in the pkg-config search path.
Perhaps you should add the directory containing `gtksourceview-1.0.pc'
to the PKG_CONFIG_PATH environment variable
No package 'gtksourceview-1.0' found
configure:4926: $? = 1
No package 'gtksourceview-1.0' found
configure:4954: result: no
configure:5001: checking for GTKSOURCEVIEW2
configure:5009: $PKG_CONFIG --exists --print-errors "gtksourceview-2.0"
Package gtksourceview-2.0 was not found in the pkg-config search path.
Perhaps you should add the directory containing `gtksourceview-2.0.pc'
to the PKG_CONFIG_PATH environment variable
No package 'gtksourceview-2.0' found
configure:5012: $? = 1
configure:5027: $PKG_CONFIG --exists --print-errors "gtksourceview-2.0"
Package gtksourceview-2.0 was not found in the pkg-config search path.
Perhaps you should add the directory containing `gtksourceview-2.0.pc'
to the PKG_CONFIG_PATH environment variable
No package 'gtksourceview-2.0' found
configure:5030: $? = 1
No package 'gtksourceview-2.0' found
configure:5058: result: no
configure:5105: checking for GTKQUARTZ
configure:5113: $PKG_CONFIG --exists --print-errors "gtk+-quartz-2.0"
Package gtk+-quartz-2.0 was not found in the pkg-config search path.
Perhaps you should add the directory containing `gtk+-quartz-2.0.pc'
to the PKG_CONFIG_PATH environment variable
No package 'gtk+-quartz-2.0' found
configure:5116: $? = 1
configure:5131: $PKG_CONFIG --exists --print-errors "gtk+-quartz-2.0"
Package gtk+-quartz-2.0 was not found in the pkg-config search path.
Perhaps you should add the directory containing `gtk+-quartz-2.0.pc'
to the PKG_CONFIG_PATH environment variable
No package 'gtk+-quartz-2.0' found
configure:5134: $? = 1
No package 'gtk+-quartz-2.0' found
configure:5162: result: no
configure:5199: checking for GTKALL
configure:5207: $PKG_CONFIG --exists --print-errors "$GTKPKG $GTKGLPKG $GLADEPKG $RSVGPKG $GNOMECANVASPKG $GNOMEUIPKG $PANELPKG $GTKSPELLPKG $GTKSOURCEVIEW2PKG $GTKQUARTZPKG"
configure:5210: $? = 0
configure:5225: $PKG_CONFIG --exists --print-errors "$GTKPKG $GTKGLPKG $GLADEPKG $RSVGPKG $GNOMECANVASPKG $GNOMEUIPKG $PANELPKG $GTKSPELLPKG $GTKSOURCEVIEW2PKG $GTKQUARTZPKG"
configure:5228: $? = 0
configure:5306: result: yes
configure:5313: result: Debug mode enabled
configure:5487: creating ./config.status

## ---------------------- ##
## Running config.status. ##
## ---------------------- ##

This file was extended by config.status, which was
generated by GNU Autoconf 2.63.  Invocation command line was

  CONFIG_FILES    = 
  CONFIG_HEADERS  = 
  CONFIG_LINKS    = 
  CONFIG_COMMANDS = 
  $ ./config.status 

on norige-desktop

config.status:713: creating config.make

## ---------------- ##
## Cache variables. ##
## ---------------- ##

ac_cv_c_compiler_gnu=yes
ac_cv_env_CC_set=
ac_cv_env_CC_value=
ac_cv_env_CFLAGS_set=
ac_cv_env_CFLAGS_value=
ac_cv_env_CPPFLAGS_set=
ac_cv_env_CPPFLAGS_value=
ac_cv_env_GLADE_CFLAGS_set=
ac_cv_env_GLADE_CFLAGS_value=
ac_cv_env_GLADE_LIBS_set=
ac_cv_env_GLADE_LIBS_value=
ac_cv_env_GNOMECANVAS_CFLAGS_set=
ac_cv_env_GNOMECANVAS_CFLAGS_value=
ac_cv_env_GNOMECANVAS_LIBS_set=
ac_cv_env_GNOMECANVAS_LIBS_value=
ac_cv_env_GNOMEUI_CFLAGS_set=
ac_cv_env_GNOMEUI_CFLAGS_value=
ac_cv_env_GNOMEUI_LIBS_set=
ac_cv_env_GNOMEUI_LIBS_value=
ac_cv_env_GTKALL_CFLAGS_set=
ac_cv_env_GTKALL_CFLAGS_value=
ac_cv_env_GTKALL_LIBS_set=
ac_cv_env_GTKALL_LIBS_value=
ac_cv_env_GTKGL_CFLAGS_set=
ac_cv_env_GTKGL_CFLAGS_value=
ac_cv_env_GTKGL_LIBS_set=
ac_cv_env_GTKGL_LIBS_value=
ac_cv_env_GTKQUARTZ_CFLAGS_set=
ac_cv_env_GTKQUARTZ_CFLAGS_value=
ac_cv_env_GTKQUARTZ_LIBS_set=
ac_cv_env_GTKQUARTZ_LIBS_value=
ac_cv_env_GTKSOURCEVIEW2_CFLAGS_set=
ac_cv_env_GTKSOURCEVIEW2_CFLAGS_value=
ac_cv_env_GTKSOURCEVIEW2_LIBS_set=
ac_cv_env_GTKSOURCEVIEW2_LIBS_value=
ac_cv_env_GTKSOURCEVIEW_CFLAGS_set=
ac_cv_env_GTKSOURCEVIEW_CFLAGS_value=
ac_cv_env_GTKSOURCEVIEW_LIBS_set=
ac_cv_env_GTKSOURCEVIEW_LIBS_value=
ac_cv_env_GTKSPELL_CFLAGS_set=
ac_cv_env_GTKSPELL_CFLAGS_value=
ac_cv_env_GTKSPELL_LIBS_set=
ac_cv_env_GTKSPELL_LIBS_value=
ac_cv_env_LDFLAGS_set=
ac_cv_env_LDFLAGS_value=
ac_cv_env_LIBS_set=
ac_cv_env_LIBS_value=
ac_cv_env_PANEL_CFLAGS_set=
ac_cv_env_PANEL_CFLAGS_value=
ac_cv_env_PANEL_LIBS_set=
ac_cv_env_PANEL_LIBS_value=
ac_cv_env_PKG_CONFIG_set=
ac_cv_env_PKG_CONFIG_value=
ac_cv_env_RSVG_CFLAGS_set=
ac_cv_env_RSVG_CFLAGS_value=
ac_cv_env_RSVG_LIBS_set=
ac_cv_env_RSVG_LIBS_value=
ac_cv_env_build_alias_set=
ac_cv_env_build_alias_value=
ac_cv_env_host_alias_set=
ac_cv_env_host_alias_value=
ac_cv_env_target_alias_set=
ac_cv_env_target_alias_value=
ac_cv_func_rsvg_handle_new_gz=yes
ac_cv_objext=o
ac_cv_path_PKG_CONFIG=/usr/bin/pkg-config
ac_cv_prog_CAMLC=ocamlc
ac_cv_prog_CAMLMKLIB=ocamlmklib
ac_cv_prog_CAMLMKTOP=ocamlmktop
ac_cv_prog_CAMLOPT=ocamlopt
ac_cv_prog_CAMLP4O=camlp4o
ac_cv_prog_OCAMLCDOTOPT=ocamlc.opt
ac_cv_prog_OCAMLDEP=ocamldep
ac_cv_prog_OCAMLDOC=ocamldoc
ac_cv_prog_OCAMLLEX=ocamllex
ac_cv_prog_OCAMLOPTDOTOPT=ocamlopt.opt
ac_cv_prog_OCAMLRUN=ocamlrun
ac_cv_prog_OCAMLYACC=ocamlyacc
ac_cv_prog_ac_ct_CC=gcc
ac_cv_prog_ac_ct_RANLIB=ranlib
ac_cv_prog_cc_c89=
ac_cv_prog_cc_g=yes
pkg_cv_GNOMECANVAS_CFLAGS='-pthread -I/usr/include/pango-1.0 -I/usr/include/gail-1.0 -I/usr/include/gtk-2.0 -I/usr/include/glib-2.0 -I/usr/lib/x86_64-linux-gnu/glib-2.0/include -I/usr/include/freetype2 -I/usr/include/atk-1.0 -I/usr/lib/x86_64-linux-gnu/gtk-2.0/include -I/usr/include/cairo -I/usr/include/gdk-pixbuf-2.0 -I/usr/include/gio-unix-2.0/ -I/usr/include/pixman-1 -I/usr/include/libpng12 -I/usr/include/libgnomecanvas-2.0 -I/usr/include/libart-2.0  '
pkg_cv_GNOMECANVAS_LIBS='-pthread -lgnomecanvas-2 -lart_lgpl_2 -lgtk-x11-2.0 -lgdk-x11-2.0 -latk-1.0 -lgio-2.0 -lpangoft2-1.0 -lpangocairo-1.0 -lgdk_pixbuf-2.0 -lcairo -lpango-1.0 -lfreetype -lfontconfig -lgobject-2.0 -lgmodule-2.0 -lgthread-2.0 -lrt -lglib-2.0  '
pkg_cv_GTKALL_CFLAGS='-pthread -I/usr/include/gtk-2.0 -I/usr/lib/x86_64-linux-gnu/gtk-2.0/include -I/usr/include/atk-1.0 -I/usr/include/cairo -I/usr/include/gdk-pixbuf-2.0 -I/usr/include/pango-1.0 -I/usr/include/gio-unix-2.0/ -I/usr/include/glib-2.0 -I/usr/lib/x86_64-linux-gnu/glib-2.0/include -I/usr/include/pixman-1 -I/usr/include/freetype2 -I/usr/include/libpng12 -I/usr/include/librsvg-2.0 -I/usr/include/gail-1.0 -I/usr/include/libgnomecanvas-2.0 -I/usr/include/libart-2.0  '
pkg_cv_GTKALL_LIBS='-pthread -lrsvg-2 -lm -lgnomecanvas-2 -lart_lgpl_2 -lgtk-x11-2.0 -lgdk-x11-2.0 -latk-1.0 -lgio-2.0 -lpangoft2-1.0 -lpangocairo-1.0 -lgdk_pixbuf-2.0 -lcairo -lpango-1.0 -lfreetype -lfontconfig -lgobject-2.0 -lgmodule-2.0 -lgthread-2.0 -lrt -lglib-2.0  '
pkg_cv_RSVG_CFLAGS='-pthread -I/usr/include/librsvg-2.0 -I/usr/include/glib-2.0 -I/usr/lib/x86_64-linux-gnu/glib-2.0/include -I/usr/include/gdk-pixbuf-2.0 -I/usr/include/cairo -I/usr/include/libpng12 -I/usr/include/pixman-1 -I/usr/include/freetype2  '
pkg_cv_RSVG_LIBS='-pthread -lrsvg-2 -lm -lgio-2.0 -lgdk_pixbuf-2.0 -lcairo -lgmodule-2.0 -lgobject-2.0 -lgthread-2.0 -lrt -lglib-2.0  '

## ----------------- ##
## Output variables. ##
## ----------------- ##

CAMLC='ocamlc.opt'
CAMLMKLIB='ocamlmklib'
CAMLMKTOP='ocamlmktop'
CAMLOPT='ocamlopt.opt'
CAMLP4O='camlp4o'
CC='gcc'
CFLAGS='-g -O2'
CPPFLAGS=''
DEBUG='1'
DEFS='-DPACKAGE_NAME=\"\" -DPACKAGE_TARNAME=\"\" -DPACKAGE_VERSION=\"\" -DPACKAGE_STRING=\"\" -DPACKAGE_BUGREPORT=\"\"'
ECHO_C=''
ECHO_N='-n'
ECHO_T=''
EXE=''
EXEEXT=''
GLADE_CFLAGS=''
GLADE_LIBS=''
GNOMECANVAS_CFLAGS='-pthread -I/usr/include/pango-1.0 -I/usr/include/gail-1.0 -I/usr/include/gtk-2.0 -I/usr/include/glib-2.0 -I/usr/lib/x86_64-linux-gnu/glib-2.0/include -I/usr/include/freetype2 -I/usr/include/atk-1.0 -I/usr/lib/x86_64-linux-gnu/gtk-2.0/include -I/usr/include/cairo -I/usr/include/gdk-pixbuf-2.0 -I/usr/include/gio-unix-2.0/ -I/usr/include/pixman-1 -I/usr/include/libpng12 -I/usr/include/libgnomecanvas-2.0 -I/usr/include/libart-2.0  '
GNOMECANVAS_LIBS='-pthread -lgnomecanvas-2 -lart_lgpl_2 -lgtk-x11-2.0 -lgdk-x11-2.0 -latk-1.0 -lgio-2.0 -lpangoft2-1.0 -lpangocairo-1.0 -lgdk_pixbuf-2.0 -lcairo -lpango-1.0 -lfreetype -lfontconfig -lgobject-2.0 -lgmodule-2.0 -lgthread-2.0 -lrt -lglib-2.0  '
GNOMEUI_CFLAGS=''
GNOMEUI_LIBS=''
GTKALL_CFLAGS='-pthread -I/usr/include/gtk-2.0 -I/usr/lib/x86_64-linux-gnu/gtk-2.0/include -I/usr/include/atk-1.0 -I/usr/include/cairo -I/usr/include/gdk-pixbuf-2.0 -I/usr/include/pango-1.0 -I/usr/include/gio-unix-2.0/ -I/usr/include/glib-2.0 -I/usr/lib/x86_64-linux-gnu/glib-2.0/include -I/usr/include/pixman-1 -I/usr/include/freetype2 -I/usr/include/libpng12 -I/usr/include/librsvg-2.0 -I/usr/include/gail-1.0 -I/usr/include/libgnomecanvas-2.0 -I/usr/include/libart-2.0  '
GTKALL_LIBS='-pthread -lrsvg-2 -lm -lgnomecanvas-2 -lart_lgpl_2 -lgtk-x11-2.0 -lgdk-x11-2.0 -latk-1.0 -lgio-2.0 -lpangoft2-1.0 -lpangocairo-1.0 -lgdk_pixbuf-2.0 -lcairo -lpango-1.0 -lfreetype -lfontconfig -lgobject-2.0 -lgmodule-2.0 -lgthread-2.0 -lrt -lglib-2.0  '
GTKGL_CFLAGS=''
GTKGL_LIBS=''
GTKQUARTZ_CFLAGS=''
GTKQUARTZ_LIBS=''
GTKSOURCEVIEW2_CFLAGS=''
GTKSOURCEVIEW2_LIBS=''
GTKSOURCEVIEW_CFLAGS=''
GTKSOURCEVIEW_LIBS=''
GTKSPELL_CFLAGS=''
GTKSPELL_LIBS=''
GTK_CFLAGS='-pthread -I/usr/include/gtk-2.0 -I/usr/lib/x86_64-linux-gnu/gtk-2.0/include -I/usr/include/atk-1.0 -I/usr/include/cairo -I/usr/include/gdk-pixbuf-2.0 -I/usr/include/pango-1.0 -I/usr/include/gio-unix-2.0/ -I/usr/include/glib-2.0 -I/usr/lib/x86_64-linux-gnu/glib-2.0/include -I/usr/include/pixman-1 -I/usr/include/freetype2 -I/usr/include/libpng12  '
GTK_LIBS='-pthread -lgtk-x11-2.0 -lgdk-x11-2.0 -latk-1.0 -lgio-2.0 -lpangoft2-1.0 -lpangocairo-1.0 -lgdk_pixbuf-2.0 -lcairo -lpango-1.0 -lfreetype -lfontconfig -lgobject-2.0 -lgmodule-2.0 -lgthread-2.0 -lrt -lglib-2.0  '
HAS_DLL_SUPPORT='yes'
HAS_NATIVE_DYNLINK='yes'
HAS_PRINTEXC_BACKTRACE='-D HAS_PRINTEXC_BACKTRACE'
HAVE_SVGZ=''
LABLGLDIR=''
LDFLAGS=''
LIBDIR='/usr/local/lib/ocaml'
LIBOBJS=''
LIBS=''
LTLIBOBJS=''
OBJEXT='o'
OCAMLBEST='opt'
OCAMLCDOTOPT='ocamlc.opt'
OCAMLDEP='ocamldep'
OCAMLDOC='ocamldoc'
OCAMLLEX='ocamllex'
OCAMLOPTDOTOPT='ocamlopt.opt'
OCAMLRUN='ocamlrun'
OCAMLWIN32='no'
OCAMLYACC='ocamlyacc'
ODOC_DEF='-D OCAML_308'
PACKAGE_BUGREPORT=''
PACKAGE_NAME=''
PACKAGE_STRING=''
PACKAGE_TARNAME=''
PACKAGE_VERSION=''
PANEL_CFLAGS=''
PANEL_LIBS=''
PATH_SEPARATOR=':'
PKG_CONFIG='/usr/bin/pkg-config'
RANLIB='ranlib'
RSVG_CFLAGS='-pthread -I/usr/include/librsvg-2.0 -I/usr/include/glib-2.0 -I/usr/lib/x86_64-linux-gnu/glib-2.0/include -I/usr/include/gdk-pixbuf-2.0 -I/usr/include/cairo -I/usr/include/libpng12 -I/usr/include/pixman-1 -I/usr/include/freetype2  '
RSVG_LIBS='-pthread -lrsvg-2 -lm -lgio-2.0 -lgdk_pixbuf-2.0 -lcairo -lgmodule-2.0 -lgobject-2.0 -lgthread-2.0 -lrt -lglib-2.0  '
SHELL='/bin/bash'
THREADS_LIB='system'
USE_CC=''
USE_GLADE=''
USE_GNOMECANVAS='1'
USE_GNOMEUI=''
USE_GTKGL=''
USE_GTKQUARTZ=''
USE_GTKSOURCEVIEW2=''
USE_GTKSOURCEVIEW=''
USE_GTKSPELL=''
USE_PANEL=''
USE_RSVG='1'
XS='.so'
ac_ct_CC='gcc'
bindir='${exec_prefix}/bin'
build_alias=''
datadir='${datarootdir}'
datarootdir='${prefix}/share'
docdir='${datarootdir}/doc/${PACKAGE}'
dvidir='${docdir}'
exec_prefix='${prefix}'
host_alias=''
htmldir='${docdir}'
includedir='${prefix}/include'
infodir='${datarootdir}/info'
libdir='${exec_prefix}/lib'
libexecdir='${exec_prefix}/libexec'
localedir='${datarootdir}/locale'
localstatedir='${prefix}/var'
mandir='${datarootdir}/man'
oldincludedir='/usr/include'
pdfdir='${docdir}'
prefix='/usr/local'
program_transform_name='s,x,x,'
psdir='${docdir}'
sbindir='${exec_prefix}/sbin'
sharedstatedir='${prefix}/com'
sysconfdir='${prefix}/etc'
target_alias=''

## ----------- ##
## confdefs.h. ##
## ----------- ##

#define PACKAGE_NAME ""
#define PACKAGE_TARNAME ""
#define PACKAGE_VERSION ""
#define PACKAGE_STRING ""
#define PACKAGE_BUGREPORT ""

configure: exit 0
