This file contains any messages produced by compilers while
running configure, to aid debugging if configure makes a mistake.

It was created by configure, which was
generated by GNU Autoconf 2.65.  Invocation command line was

  $ ./configure 

## --------- ##
## Platform. ##
## --------- ##

hostname = peerocaml
uname -m = x86_64
uname -r = 3.2.0-24-generic
uname -s = Linux
uname -v = #39-Ubuntu SMP Mon May 21 16:52:17 UTC 2012

/usr/bin/uname -p = unknown
/bin/uname -X     = unknown

/bin/arch              = unknown
/usr/bin/arch -k       = unknown
/usr/convex/getsysinfo = unknown
/usr/bin/hostinfo      = unknown
/bin/machine           = unknown
/usr/bin/oslevel       = unknown
/bin/universe          = unknown

PATH: /home/lefessan/.opam/3.12.1/bin
PATH: /home/lefessan/INF422/jdk1.6.0_16/bin
PATH: /home/lefessan/INF422/eclipse
PATH: /home/lefessan/INF422/android-sdk-linux_x86-1.5_r3/tools
PATH: /home/lefessan/.rc/bin
PATH: /home/lefessan/.rc/scripts
PATH: /usr/local/bin
PATH: /sbin
PATH: /usr/sbin
PATH: /bin
PATH: /usr/bin
PATH: /usr/X11R6/bin
PATH: /usr/local/bin
PATH: /usr/local/arch/bin
PATH: /usr/lib/lightdm/lightdm
PATH: /usr/local/sbin
PATH: /usr/local/bin
PATH: /usr/sbin
PATH: /usr/bin
PATH: /sbin
PATH: /bin
PATH: /usr/games
PATH: /usr/local/android-sdk-linux_x86-0.9_beta/tools


## ----------- ##
## Core tests. ##
## ----------- ##

configure:1663: checking for ocamlc
configure:1679: found /usr/bin/ocamlc
configure:1691: result: ocamlc
configure:1724: checking for ocamlopt
configure:1740: found /usr/bin/ocamlopt
configure:1752: result: ocamlopt
configure:1765: checking ocamlopt version
configure:1773: result: ok
configure:1782: checking for ocamlc.opt
configure:1798: found /usr/bin/ocamlc.opt
configure:1810: result: ocamlc.opt
configure:1819: checking ocamlc.opt version
configure:1826: result: ok
configure:1836: checking for ocamlopt.opt
configure:1852: found /usr/bin/ocamlopt.opt
configure:1864: result: ocamlopt.opt
configure:1873: checking ocamlc.opt version
configure:1880: result: ok
configure:1890: checking for ocamldep
configure:1906: found /usr/bin/ocamldep
configure:1918: result: ocamldep
configure:1932: checking for ocamllex
configure:1948: found /usr/bin/ocamllex
configure:1960: result: ocamllex
configure:1973: checking for ocamllex.opt
configure:1989: found /usr/bin/ocamllex.opt
configure:2001: result: ocamllex.opt
configure:2016: checking for ocamlyacc
configure:2032: found /usr/bin/ocamlyacc
configure:2044: result: ocamlyacc
configure:2058: checking for ocamldoc
configure:2074: found /usr/bin/ocamldoc
configure:2086: result: ocamldoc
configure:2100: checking for ocamldoc.opt
configure:2116: found /usr/bin/ocamldoc.opt
configure:2128: result: ocamldoc.opt
configure:2143: checking for ocamlweb
configure:2159: found /usr/bin/ocamlweb
configure:2171: result: ocamlweb
configure:2182: checking for ocamlfind
configure:2198: found /home/lefessan/.opam/3.12.1/bin/ocamlfind
configure:2209: result: ocamlfind
configure:2226: checking for /home/lefessan/.ocaml/roots/ocaml-3.12.1/lib/ocaml/lablgtk2/lablgtk.cmxa
configure:2240: result: no
configure:2281: checking Win32 platform
configure:2290: result: no
configure:2301: WARNING: lablgnomecanvas not found: the graph editor and view_graph will not be compiled
configure:2465: creating ./config.status

## ---------------------- ##
## Running config.status. ##
## ---------------------- ##

This file was extended by config.status, which was
generated by GNU Autoconf 2.65.  Invocation command line was

  CONFIG_FILES    = 
  CONFIG_HEADERS  = 
  CONFIG_LINKS    = 
  CONFIG_COMMANDS = 
  $ ./config.status 

on peerocaml

config.status:736: creating Makefile

## ---------------- ##
## Cache variables. ##
## ---------------- ##

ac_cv_env_build_alias_set=
ac_cv_env_build_alias_value=
ac_cv_env_host_alias_set=
ac_cv_env_host_alias_value=
ac_cv_env_target_alias_set=
ac_cv_env_target_alias_value=
ac_cv_file__home_lefessan__ocaml_roots_ocaml_3_12_1_lib_ocaml_lablgtk2_lablgtk_cmxa=no
ac_cv_prog_OCAMLC=ocamlc
ac_cv_prog_OCAMLCDOTOPT=ocamlc.opt
ac_cv_prog_OCAMLDEP=ocamldep
ac_cv_prog_OCAMLDOC=ocamldoc
ac_cv_prog_OCAMLDOCOPT=ocamldoc.opt
ac_cv_prog_OCAMLFIND=ocamlfind
ac_cv_prog_OCAMLLEX=ocamllex
ac_cv_prog_OCAMLLEXDOTOPT=ocamllex.opt
ac_cv_prog_OCAMLOPT=ocamlopt
ac_cv_prog_OCAMLOPTDOTOPT=ocamlopt.opt
ac_cv_prog_OCAMLWEB=ocamlweb
ac_cv_prog_OCAMLYACC=ocamlyacc

## ----------------- ##
## Output variables. ##
## ----------------- ##

DEFS='-DPACKAGE_NAME=\"\" -DPACKAGE_TARNAME=\"\" -DPACKAGE_VERSION=\"\" -DPACKAGE_STRING=\"\" -DPACKAGE_BUGREPORT=\"\" -DPACKAGE_URL=\"\"'
ECHO_C=''
ECHO_N='-n'
ECHO_T=''
EXE=''
INCLUDEGTK2=''
LABLGNOMECANVAS='no'
LABLGTK2='no'
LIBEXT='.a'
LIBOBJS=''
LIBS=''
LTLIBOBJS=''
OBJEXT='.o'
OCAMLBEST='opt'
OCAMLC='ocamlc.opt'
OCAMLCDOTOPT='ocamlc.opt'
OCAMLDEP='ocamldep'
OCAMLDOC='ocamldoc.opt'
OCAMLDOCOPT='ocamldoc.opt'
OCAMLFIND='ocamlfind'
OCAMLLEX='ocamllex.opt'
OCAMLLEXDOTOPT='ocamllex.opt'
OCAMLLIB='/home/lefessan/.ocaml/roots/ocaml-3.12.1/lib/ocaml'
OCAMLOPT='ocamlopt.opt'
OCAMLOPTDOTOPT='ocamlopt.opt'
OCAMLVERSION='3.12.1'
OCAMLWEB='ocamlweb'
OCAMLWIN32='no'
OCAMLYACC='ocamlyacc'
PACKAGE_BUGREPORT=''
PACKAGE_NAME=''
PACKAGE_STRING=''
PACKAGE_TARNAME=''
PACKAGE_URL=''
PACKAGE_VERSION=''
PATH_SEPARATOR=':'
SHELL='/bin/bash'
bindir='${exec_prefix}/bin'
build_alias=''
datadir='${datarootdir}'
datarootdir='${prefix}/share'
docdir='${datarootdir}/doc/${PACKAGE}'
dvidir='${docdir}'
exec_prefix='${prefix}'
host_alias=''
htmldir='${docdir}'
includedir='${prefix}/include'
infodir='${datarootdir}/info'
libdir='${exec_prefix}/lib'
libexecdir='${exec_prefix}/libexec'
localedir='${datarootdir}/locale'
localstatedir='${prefix}/var'
mandir='${datarootdir}/man'
oldincludedir='/usr/include'
pdfdir='${docdir}'
prefix='/usr/local'
program_transform_name='s,x,x,'
psdir='${docdir}'
sbindir='${exec_prefix}/sbin'
sharedstatedir='${prefix}/com'
sysconfdir='${prefix}/etc'
target_alias=''

## ----------- ##
## confdefs.h. ##
## ----------- ##

/* confdefs.h */
#define PACKAGE_NAME ""
#define PACKAGE_TARNAME ""
#define PACKAGE_VERSION ""
#define PACKAGE_STRING ""
#define PACKAGE_BUGREPORT ""
#define PACKAGE_URL ""

configure: exit 0
